build/app/intermediates/manifest_merge_blame_file/debug/manifest-merger-blame-debug-report.txt
1<?xml version="1.0" encoding="utf-8"?>
2<manifest xmlns:android="http://schemas.android.com/apk/res/android"
3    package="com.challenge.caronsale.porsche_ebike_code_challenge"
4    android:versionCode="1"
5    android:versionName="1.0.0" >
6
7    <uses-sdk
8        android:minSdkVersion="21"
9        android:targetSdkVersion="35" />
10    <!--
11         The INTERNET permission is required for development. Specifically,
12         the Flutter tool needs it to communicate with the running application
13         to allow setting breakpoints, to provide hot reload, etc.
14    -->
15    <uses-permission android:name="android.permission.INTERNET" />
15-->src\debug\AndroidManifest.xml:6:5-66
15-->src\debug\AndroidManifest.xml:6:22-64
16    <!--
17     Tell Google Play Store that your app uses Bluetooth LE
18     Set android:required="true" if bluetooth is necessary
19    -->
20    <uses-feature
20-->src\main\AndroidManifest.xml:5:5-91
21        android:name="android.hardware.bluetooth_le"
21-->src\main\AndroidManifest.xml:5:19-63
22        android:required="false" />
22-->src\main\AndroidManifest.xml:5:64-88
23    <!--
24 New Bluetooth permissions in Android 12
25    https://developer.android.com/about/versions/12/features/bluetooth-permissions
26    -->
27    <uses-permission
27-->src\main\AndroidManifest.xml:9:5-120
28        android:name="android.permission.BLUETOOTH_SCAN"
28-->src\main\AndroidManifest.xml:9:22-70
29        android:usesPermissionFlags="neverForLocation" />
29-->src\main\AndroidManifest.xml:9:71-117
30    <uses-permission android:name="android.permission.BLUETOOTH_CONNECT" /> <!-- legacy for Android 11 or lower -->
30-->src\main\AndroidManifest.xml:10:5-76
30-->src\main\AndroidManifest.xml:10:22-73
31    <uses-permission
31-->src\main\AndroidManifest.xml:13:5-95
32        android:name="android.permission.BLUETOOTH"
32-->src\main\AndroidManifest.xml:13:22-65
33        android:maxSdkVersion="30" />
33-->src\main\AndroidManifest.xml:13:66-92
34    <uses-permission
34-->src\main\AndroidManifest.xml:14:5-101
35        android:name="android.permission.BLUETOOTH_ADMIN"
35-->src\main\AndroidManifest.xml:14:22-71
36        android:maxSdkVersion="30" />
36-->src\main\AndroidManifest.xml:14:72-98
37    <uses-permission
37-->src\main\AndroidManifest.xml:15:5-105
38        android:name="android.permission.ACCESS_FINE_LOCATION"
38-->src\main\AndroidManifest.xml:15:22-76
39        android:maxSdkVersion="30" /> <!-- legacy for Android 9 or lower -->
39-->src\main\AndroidManifest.xml:15:77-103
40    <uses-permission
40-->src\main\AndroidManifest.xml:18:5-108
41        android:name="android.permission.ACCESS_COARSE_LOCATION"
41-->src\main\AndroidManifest.xml:18:22-78
42        android:maxSdkVersion="28" />
42-->src\main\AndroidManifest.xml:18:79-105
43    <!--
44 Required to query activities that can process text, see:
45         https://developer.android.com/training/package-visibility and
46         https://developer.android.com/reference/android/content/Intent#ACTION_PROCESS_TEXT.
47
48         In particular, this is used by the Flutter engine in io.flutter.plugin.text.ProcessTextPlugin.
49    -->
50    <queries>
50-->src\main\AndroidManifest.xml:58:5-63:15
51        <intent>
51-->src\main\AndroidManifest.xml:59:9-62:18
52            <action android:name="android.intent.action.PROCESS_TEXT" />
52-->src\main\AndroidManifest.xml:60:13-72
52-->src\main\AndroidManifest.xml:60:21-70
53
54            <data android:mimeType="text/plain" />
54-->src\main\AndroidManifest.xml:61:13-50
54-->src\main\AndroidManifest.xml:61:19-48
55        </intent>
56    </queries>
57
58    <permission
58-->[androidx.core:core:1.13.1] AndroidManifest.xml:22:5-24:47
59        android:name="com.challenge.caronsale.porsche_ebike_code_challenge.DYNAMIC_RECEIVER_NOT_EXPORTED_PERMISSION"
59-->[androidx.core:core:1.13.1] AndroidManifest.xml:23:9-81
60        android:protectionLevel="signature" />
60-->[androidx.core:core:1.13.1] AndroidManifest.xml:24:9-44
61
62    <uses-permission android:name="com.challenge.caronsale.porsche_ebike_code_challenge.DYNAMIC_RECEIVER_NOT_EXPORTED_PERMISSION" />
62-->[androidx.core:core:1.13.1] AndroidManifest.xml:26:5-97
62-->[androidx.core:core:1.13.1] AndroidManifest.xml:26:22-94
63
64    <application
65        android:name="android.app.Application"
66        android:appComponentFactory="androidx.core.app.CoreComponentFactory"
66-->[androidx.core:core:1.13.1] AndroidManifest.xml:28:18-86
67        android:debuggable="true"
68        android:extractNativeLibs="true"
69        android:icon="@mipmap/launcher_icon"
70        android:label="porsche_ebike_code_challenge" >
71        <activity
72            android:name="com.challenge.caronsale.porsche_ebike_code_challenge.MainActivity"
73            android:configChanges="orientation|keyboardHidden|keyboard|screenSize|smallestScreenSize|locale|layoutDirection|fontScale|screenLayout|density|uiMode"
74            android:exported="true"
75            android:hardwareAccelerated="true"
76            android:launchMode="singleTop"
77            android:taskAffinity=""
78            android:theme="@style/LaunchTheme"
79            android:windowSoftInputMode="adjustResize" >
80
81            <!--
82                 Specifies an Android theme to apply to this Activity as soon as
83                 the Android process has started. This theme is visible to the user
84                 while the Flutter UI initializes. After that, this theme continues
85                 to determine the Window background behind the Flutter UI.
86            -->
87            <meta-data
88                android:name="io.flutter.embedding.android.NormalTheme"
89                android:resource="@style/NormalTheme" />
90
91            <intent-filter>
92                <action android:name="android.intent.action.MAIN" />
93
94                <category android:name="android.intent.category.LAUNCHER" />
95            </intent-filter>
96        </activity>
97
98        <!--
99             Don't delete the meta-data below.
100             This is used by the Flutter tool to generate GeneratedPluginRegistrant.java
101        -->
102        <meta-data
103            android:name="flutterEmbedding"
104            android:value="2" />
105
106        <uses-library
106-->[androidx.window:window:1.2.0] AndroidManifest.xml:23:9-25:40
107            android:name="androidx.window.extensions"
107-->[androidx.window:window:1.2.0] AndroidManifest.xml:24:13-54
108            android:required="false" />
108-->[androidx.window:window:1.2.0] AndroidManifest.xml:25:13-37
109        <uses-library
109-->[androidx.window:window:1.2.0] AndroidManifest.xml:26:9-28:40
110            android:name="androidx.window.sidecar"
110-->[androidx.window:window:1.2.0] AndroidManifest.xml:27:13-51
111            android:required="false" />
111-->[androidx.window:window:1.2.0] AndroidManifest.xml:28:13-37
112
113        <provider
113-->[androidx.lifecycle:lifecycle-process:2.7.0] AndroidManifest.xml:24:9-32:20
114            android:name="androidx.startup.InitializationProvider"
114-->[androidx.lifecycle:lifecycle-process:2.7.0] AndroidManifest.xml:25:13-67
115            android:authorities="com.challenge.caronsale.porsche_ebike_code_challenge.androidx-startup"
115-->[androidx.lifecycle:lifecycle-process:2.7.0] AndroidManifest.xml:26:13-68
116            android:exported="false" >
116-->[androidx.lifecycle:lifecycle-process:2.7.0] AndroidManifest.xml:27:13-37
117            <meta-data
117-->[androidx.lifecycle:lifecycle-process:2.7.0] AndroidManifest.xml:29:13-31:52
118                android:name="androidx.lifecycle.ProcessLifecycleInitializer"
118-->[androidx.lifecycle:lifecycle-process:2.7.0] AndroidManifest.xml:30:17-78
119                android:value="androidx.startup" />
119-->[androidx.lifecycle:lifecycle-process:2.7.0] AndroidManifest.xml:31:17-49
120            <meta-data
120-->[androidx.profileinstaller:profileinstaller:1.3.1] AndroidManifest.xml:29:13-31:52
121                android:name="androidx.profileinstaller.ProfileInstallerInitializer"
121-->[androidx.profileinstaller:profileinstaller:1.3.1] AndroidManifest.xml:30:17-85
122                android:value="androidx.startup" />
122-->[androidx.profileinstaller:profileinstaller:1.3.1] AndroidManifest.xml:31:17-49
123        </provider>
124
125        <receiver
125-->[androidx.profileinstaller:profileinstaller:1.3.1] AndroidManifest.xml:34:9-52:20
126            android:name="androidx.profileinstaller.ProfileInstallReceiver"
126-->[androidx.profileinstaller:profileinstaller:1.3.1] AndroidManifest.xml:35:13-76
127            android:directBootAware="false"
127-->[androidx.profileinstaller:profileinstaller:1.3.1] AndroidManifest.xml:36:13-44
128            android:enabled="true"
128-->[androidx.profileinstaller:profileinstaller:1.3.1] AndroidManifest.xml:37:13-35
129            android:exported="true"
129-->[androidx.profileinstaller:profileinstaller:1.3.1] AndroidManifest.xml:38:13-36
130            android:permission="android.permission.DUMP" >
130-->[androidx.profileinstaller:profileinstaller:1.3.1] AndroidManifest.xml:39:13-57
131            <intent-filter>
131-->[androidx.profileinstaller:profileinstaller:1.3.1] AndroidManifest.xml:40:13-42:29
132                <action android:name="androidx.profileinstaller.action.INSTALL_PROFILE" />
132-->[androidx.profileinstaller:profileinstaller:1.3.1] AndroidManifest.xml:41:17-91
132-->[androidx.profileinstaller:profileinstaller:1.3.1] AndroidManifest.xml:41:25-88
133            </intent-filter>
134            <intent-filter>
134-->[androidx.profileinstaller:profileinstaller:1.3.1] AndroidManifest.xml:43:13-45:29
135                <action android:name="androidx.profileinstaller.action.SKIP_FILE" />
135-->[androidx.profileinstaller:profileinstaller:1.3.1] AndroidManifest.xml:44:17-85
135-->[androidx.profileinstaller:profileinstaller:1.3.1] AndroidManifest.xml:44:25-82
136            </intent-filter>
137            <intent-filter>
137-->[androidx.profileinstaller:profileinstaller:1.3.1] AndroidManifest.xml:46:13-48:29
138                <action android:name="androidx.profileinstaller.action.SAVE_PROFILE" />
138-->[androidx.profileinstaller:profileinstaller:1.3.1] AndroidManifest.xml:47:17-88
138-->[androidx.profileinstaller:profileinstaller:1.3.1] AndroidManifest.xml:47:25-85
139            </intent-filter>
140            <intent-filter>
140-->[androidx.profileinstaller:profileinstaller:1.3.1] AndroidManifest.xml:49:13-51:29
141                <action android:name="androidx.profileinstaller.action.BENCHMARK_OPERATION" />
141-->[androidx.profileinstaller:profileinstaller:1.3.1] AndroidManifest.xml:50:17-95
141-->[androidx.profileinstaller:profileinstaller:1.3.1] AndroidManifest.xml:50:25-92
142            </intent-filter>
143        </receiver>
144    </application>
145
146</manifest>